<?xml version="1.0" encoding="UTF-8"?><testsuite errors="1" failures="0" name="SQA" skipped="0" tests="1" time="11.58" timestamp="2022-08-04 09:04:14"><testcase name="validaciones a diferentes productos desde el home de la pagina del exito"><error message="chrome not reachable&#10;  (Session info: chrome=104.0.5112.81)&#10;Build info: version: '3.141.59', revision: 'e82be7d358', time: '2018-11-14T08:17:03'&#10;System info: host: 'FLIAGUERREROCAM', ip: '192.168.1.3', os.name: 'Windows 10', os.arch: 'amd64', os.version: '10.0', java.version: '1.8.0_202'&#10;Driver info: org.openqa.selenium.chrome.ChromeDriver&#10;Capabilities {acceptInsecureCerts: false, browserName: chrome, browserVersion: 104.0.5112.81, chrome: {chromedriverVersion: 103.0.5060.134 (8ec6fce403b..., userDataDir: C:\Users\kguer\AppData\Loca...}, goog:chromeOptions: {debuggerAddress: localhost:63682}, javascriptEnabled: true, networkConnectionEnabled: false, pageLoadStrategy: normal, platform: WINDOWS, platformName: WINDOWS, proxy: Proxy(), setWindowRect: true, strictFileInteractability: false, timeouts: {implicit: 0, pageLoad: 300000, script: 30000}, unhandledPromptBehavior: dismiss and notify, webauthn:extension:credBlob: true, webauthn:extension:largeBlob: true, webauthn:virtualAuthenticators: true}&#10;Session ID: e29d1f1adbd8312b30f77a7fd503f143&#10;*** Element info: {Using=xpath, value=//a[@href='https://www.exito.com/cyberlunes']}&#10;Build info: version: '3.141.59', revision: 'e82be7d358', time: '2018-11-14T08:17:03'&#10;System info: host: 'FLIAGUERREROCAM', ip: '192.168.1.3', os.name: 'Windows 10', os.arch: 'amd64', os.version: '10.0', java.version: '1.8.0_202'&#10;Driver info: driver.version: unknown" type="org.openqa.selenium.WebDriverException">chrome not reachable
  (Session info: chrome=104.0.5112.81)
Build info: version: '3.141.59', revision: 'e82be7d358', time: '2018-11-14T08:17:03'
System info: host: 'FLIAGUERREROCAM', ip: '192.168.1.3', os.name: 'Windows 10', os.arch: 'amd64', os.version: '10.0', java.version: '1.8.0_202'
Driver info: org.openqa.selenium.chrome.ChromeDriver
Capabilities {acceptInsecureCerts: false, browserName: chrome, browserVersion: 104.0.5112.81, chrome: {chromedriverVersion: 103.0.5060.134 (8ec6fce403b..., userDataDir: C:\Users\kguer\AppData\Loca...}, goog:chromeOptions: {debuggerAddress: localhost:63682}, javascriptEnabled: true, networkConnectionEnabled: false, pageLoadStrategy: normal, platform: WINDOWS, platformName: WINDOWS, proxy: Proxy(), setWindowRect: true, strictFileInteractability: false, timeouts: {implicit: 0, pageLoad: 300000, script: 30000}, unhandledPromptBehavior: dismiss and notify, webauthn:extension:credBlob: true, webauthn:extension:largeBlob: true, webauthn:virtualAuthenticators: true}
Session ID: e29d1f1adbd8312b30f77a7fd503f143
*** Element info: {Using=xpath, value=//a[@href='https://www.exito.com/cyberlunes']}
Build info: version: '3.141.59', revision: 'e82be7d358', time: '2018-11-14T08:17:03'
System info: host: 'FLIAGUERREROCAM', ip: '192.168.1.3', os.name: 'Windows 10', os.arch: 'amd64', os.version: '10.0', java.version: '1.8.0_202'
Driver info: driver.version: unknown</error><system-err>chrome not reachable
  (Session info: chrome=104.0.5112.81)
Build info: version: '3.141.59', revision: 'e82be7d358', time: '2018-11-14T08:17:03'
System info: host: 'FLIAGUERREROCAM', ip: '192.168.1.3', os.name: 'Windows 10', os.arch: 'amd64', os.version: '10.0', java.version: '1.8.0_202'
Driver info: org.openqa.selenium.chrome.ChromeDriver
Capabilities {acceptInsecureCerts: false, browserName: chrome, browserVersion: 104.0.5112.81, chrome: {chromedriverVersion: 103.0.5060.134 (8ec6fce403b..., userDataDir: C:\Users\kguer\AppData\Loca...}, goog:chromeOptions: {debuggerAddress: localhost:63682}, javascriptEnabled: true, networkConnectionEnabled: false, pageLoadStrategy: normal, platform: WINDOWS, platformName: WINDOWS, proxy: Proxy(), setWindowRect: true, strictFileInteractability: false, timeouts: {implicit: 0, pageLoad: 300000, script: 30000}, unhandledPromptBehavior: dismiss and notify, webauthn:extension:credBlob: true, webauthn:extension:largeBlob: true, webauthn:virtualAuthenticators: true}
Session ID: e29d1f1adbd8312b30f77a7fd503f143
*** Element info: {Using=xpath, value=//a[@href='https://www.exito.com/cyberlunes']}
Build info: version: '3.141.59', revision: 'e82be7d358', time: '2018-11-14T08:17:03'
System info: host: 'FLIAGUERREROCAM', ip: '192.168.1.3', os.name: 'Windows 10', os.arch: 'amd64', os.version: '10.0', java.version: '1.8.0_202'
Driver info: driver.version: unknown&#13;
com.exito.www.util.Scroll.scrollPorElemento(Scroll.java:11)&#13;
com.exito.www.steps.ExitoValidacionesSteps.celular(ExitoValidacionesSteps.java:32)&#13;
com.exito.www.stepDefinitions.ExitoValidacionesStepDefinitions.cuandoQuieroValidarDiferentesProductos(ExitoValidacionesStepDefinitions.java:33)&#13;
✽.cuando quiero validar diferentes productos(src/test/resources/com.exito.www.features/validaciones.feature:5)&#13;
</system-err></testcase></testsuite>